CRITICAL - 2023-01-12 18:23:49 --> Invalid file: /layoaut/footer.php
in SYSTEMPATH\Exceptions\FrameworkException.php on line 33.
 1 SYSTEMPATH\View\View.php(201): CodeIgniter\Exceptions\FrameworkException::forInvalidFile('/layoaut/footer.php')
 2 SYSTEMPATH\Common.php(1134): CodeIgniter\View\View->render('/layoaut/footer', [], true)
 3 APPPATH\Controllers\Home.php(11): view('/layoaut/footer')
 4 SYSTEMPATH\CodeIgniter.php(927): App\Controllers\Home->index()
 5 SYSTEMPATH\CodeIgniter.php(482): CodeIgniter\CodeIgniter->runController(Object(App\Controllers\Home))
 6 SYSTEMPATH\CodeIgniter.php(351): CodeIgniter\CodeIgniter->handleRequest(null, Object(Config\Cache), false)
 7 FCPATH\index.php(67): CodeIgniter\CodeIgniter->run()
CRITICAL - 2023-01-12 18:25:24 --> Invalid file: /layoaut/footer.php
in SYSTEMPATH\Exceptions\FrameworkException.php on line 33.
 1 SYSTEMPATH\View\View.php(201): CodeIgniter\Exceptions\FrameworkException::forInvalidFile('/layoaut/footer.php')
 2 SYSTEMPATH\Common.php(1134): CodeIgniter\View\View->render('/layoaut/footer', [], true)
 3 APPPATH\Controllers\Home.php(11): view('/layoaut/footer')
 4 SYSTEMPATH\CodeIgniter.php(927): App\Controllers\Home->index()
 5 SYSTEMPATH\CodeIgniter.php(482): CodeIgniter\CodeIgniter->runController(Object(App\Controllers\Home))
 6 SYSTEMPATH\CodeIgniter.php(351): CodeIgniter\CodeIgniter->handleRequest(null, Object(Config\Cache), false)
 7 FCPATH\index.php(67): CodeIgniter\CodeIgniter->run()
CRITICAL - 2023-01-12 19:57:21 --> compact(): Undefined variable $datos
in APPPATH\Controllers\Home.php on line 10.
 1 [internal function]: CodeIgniter\Debug\Exceptions->errorHandler(2, 'compact(): Undefined variable $datos', 'APPPATH\\Controllers\\Home.php', 10)
 2 APPPATH\Controllers\Home.php(10): compact('datos')
 3 SYSTEMPATH\CodeIgniter.php(927): App\Controllers\Home->index()
 4 SYSTEMPATH\CodeIgniter.php(482): CodeIgniter\CodeIgniter->runController(Object(App\Controllers\Home))
 5 SYSTEMPATH\CodeIgniter.php(351): CodeIgniter\CodeIgniter->handleRequest(null, Object(Config\Cache), false)
 6 FCPATH\index.php(67): CodeIgniter\CodeIgniter->run()
CRITICAL - 2023-01-12 19:58:28 --> compact(): Undefined variable $datos
in APPPATH\Controllers\Home.php on line 11.
 1 [internal function]: CodeIgniter\Debug\Exceptions->errorHandler(2, 'compact(): Undefined variable $datos', 'APPPATH\\Controllers\\Home.php', 11)
 2 APPPATH\Controllers\Home.php(11): compact('datos')
 3 SYSTEMPATH\CodeIgniter.php(927): App\Controllers\Home->index()
 4 SYSTEMPATH\CodeIgniter.php(482): CodeIgniter\CodeIgniter->runController(Object(App\Controllers\Home))
 5 SYSTEMPATH\CodeIgniter.php(351): CodeIgniter\CodeIgniter->handleRequest(null, Object(Config\Cache), false)
 6 FCPATH\index.php(67): CodeIgniter\CodeIgniter->run()
CRITICAL - 2023-01-12 19:58:29 --> compact(): Undefined variable $datos
in APPPATH\Controllers\Home.php on line 11.
 1 [internal function]: CodeIgniter\Debug\Exceptions->errorHandler(2, 'compact(): Undefined variable $datos', 'APPPATH\\Controllers\\Home.php', 11)
 2 APPPATH\Controllers\Home.php(11): compact('datos')
 3 SYSTEMPATH\CodeIgniter.php(927): App\Controllers\Home->index()
 4 SYSTEMPATH\CodeIgniter.php(482): CodeIgniter\CodeIgniter->runController(Object(App\Controllers\Home))
 5 SYSTEMPATH\CodeIgniter.php(351): CodeIgniter\CodeIgniter->handleRequest(null, Object(Config\Cache), false)
 6 FCPATH\index.php(67): CodeIgniter\CodeIgniter->run()
CRITICAL - 2023-01-12 22:31:53 --> compact(): Undefined variable $datos
in APPPATH\Controllers\Home.php on line 11.
 1 [internal function]: CodeIgniter\Debug\Exceptions->errorHandler(2, 'compact(): Undefined variable $datos', 'APPPATH\\Controllers\\Home.php', 11)
 2 APPPATH\Controllers\Home.php(11): compact('datos')
 3 SYSTEMPATH\CodeIgniter.php(927): App\Controllers\Home->index()
 4 SYSTEMPATH\CodeIgniter.php(482): CodeIgniter\CodeIgniter->runController(Object(App\Controllers\Home))
 5 SYSTEMPATH\CodeIgniter.php(351): CodeIgniter\CodeIgniter->handleRequest(null, Object(Config\Cache), false)
 6 FCPATH\index.php(67): CodeIgniter\CodeIgniter->run()
